[debug] [2019-03-31T12:14:29.385Z] ----------------------------------------------------------------------
[debug] [2019-03-31T12:14:29.388Z] Command:       /usr/local/bin/node /usr/local/bin/firebase deploy
[debug] [2019-03-31T12:14:29.388Z] CLI Version:   6.5.0
[debug] [2019-03-31T12:14:29.388Z] Platform:      darwin
[debug] [2019-03-31T12:14:29.388Z] Node Version:  v10.13.0
[debug] [2019-03-31T12:14:29.397Z] Time:          Sun Mar 31 2019 19:14:29 GMT+0700 (Indochina Time)
[debug] [2019-03-31T12:14:29.397Z] ----------------------------------------------------------------------
[debug] 
[debug] [2019-03-31T12:14:29.409Z] > command requires scopes: ["email","openid","https://www.googleapis.com/auth/cloudplatformprojects.readonly","https://www.googleapis.com/auth/firebase","https://www.googleapis.com/auth/cloud-platform"]
[debug] [2019-03-31T12:14:29.409Z] > authorizing via signed-in user
[debug] [2019-03-31T12:14:29.409Z] [iam] checking project my-salary-7a3d7 for permissions ["firebase.projects.get","firebasehosting.sites.update"]
[debug] [2019-03-31T12:14:29.411Z] >>> HTTP REQUEST POST https://cloudresourcemanager.googleapis.com/v1/projects/my-salary-7a3d7:testIamPermissions  

[debug] [2019-03-31T12:14:31.507Z] <<< HTTP RESPONSE 200
[debug] [2019-03-31T12:14:31.513Z] >>> HTTP REQUEST GET https://firebase.googleapis.com/v1beta1/projects/my-salary-7a3d7  
 
[debug] [2019-03-31T12:14:32.865Z] <<< HTTP RESPONSE 200
[info] 
[info] === Deploying to 'my-salary-7a3d7'...
[info] 
[info] i  deploying hosting
[debug] [2019-03-31T12:14:32.869Z] >>> HTTP REQUEST POST https://firebasehosting.googleapis.com/v1beta1/sites/my-salary-7a3d7/versions  

[debug] [2019-03-31T12:14:34.707Z] <<< HTTP RESPONSE 200
[info] i  hosting[my-salary-7a3d7]: beginning deploy...
[info] i  hosting[my-salary-7a3d7]: found 33 files in build
[debug] [2019-03-31T12:14:34.725Z] [hosting] hash cache [YnVpbGQ] load error: lines is not defined
[debug] [2019-03-31T12:14:35.065Z] [hosting] hash cache [YnVpbGQ] stored for 33 files
[debug] [2019-03-31T12:14:35.065Z] [hosting][hash queue][FINAL]
[debug] [2019-03-31T12:14:35.065Z] >>> HTTP REQUEST POST https://firebasehosting.googleapis.com/v1beta1/sites/my-salary-7a3d7/versions/a0eeefe57a5a98cb:populateFiles  
 <request body omitted>
[debug] [2019-03-31T12:14:37.374Z] <<< HTTP RESPONSE 200
[debug] [2019-03-31T12:14:37.380Z] [hosting][populate queue][FINAL]
[debug] [2019-03-31T12:14:37.380Z] [hosting] uploads queued: 5
